<?xml version="1.0" encoding="UTF-8"?>
<testsuite xmlns:xsi="http://www.w3.org/2001/XMLSchema-instance" xsi:noNamespaceSchemaLocation="https://maven.apache.org/surefire/maven-surefire-plugin/xsd/surefire-test-report.xsd" version="3.0.2" name="com.a8.runner.RunCucumberTest" time="22.2" tests="3" errors="0" skipped="0" failures="0">
  <properties>
[...]
</properties>
  <testcase name="Login Functionality - Check login is successful with valid credentials as role &quot;bendahara&quot;" classname="Login Functionality" time="8.006">
    <system-out><![CDATA[
Scenario: Check login is successful with valid credentials as role "bendahara" &amp#27;[90m# login.feature:3&amp#27;[0m
  &amp#27;[32mGiven &amp#27;[0m&amp#27;[32mUser has opened the browser&amp#27;[0m                                            &amp#27;[90m# com.a8.stepDefinitions.LoginStepDefinitions.user_opens_browser()&amp#27;[0m
  &amp#27;[32mAnd &amp#27;[0m&amp#27;[32mUser navigates to the login page with url &amp#27;[0m&amp#27;[32m&amp#27;[1m"http://ptbsp.ddns.net:6882"&amp#27;[0m   &amp#27;[90m# com.a8.stepDefinitions.LoginStepDefinitions.user_navigates_to_login_page(java.lang.String)&amp#27;[0m
  &amp#27;[32mWhen &amp#27;[0m&amp#27;[32mUser enters username &amp#27;[0m&amp#27;[32m&amp#27;[1m"bendahara"&amp#27;[0m&amp#27;[32m and password &amp#27;[0m&amp#27;[32m&amp#27;[1m"admin123"&amp#27;[0m                &amp#27;[90m# com.a8.stepDefinitions.LoginStepDefinitions.user_enters_credentials(java.lang.String,java.lang.String)&amp#27;[0m
  &amp#27;[32mAnd &amp#27;[0m&amp#27;[32mUser clicks on login button&amp#27;[0m                                              &amp#27;[90m# com.a8.stepDefinitions.LoginStepDefinitions.user_clicks_login_button()&amp#27;[0m
  &amp#27;[32mThen &amp#27;[0m&amp#27;[32mUser is navigated to the dashboard page&amp#27;[0m                                 &amp#27;[90m# com.a8.stepDefinitions.LoginStepDefinitions.user_is_navigated_to_dashboard_page()&amp#27;[0m
  &amp#27;[32mAnd &amp#27;[0m&amp#27;[32mUser should be able to see navigation bar for bendahara&amp#27;[0m                  &amp#27;[90m# com.a8.stepDefinitions.LoginStepDefinitions.user_should_see_navbar_for_bendahara()&amp#27;[0m
]]></system-out>
    <system-err><![CDATA[SLF4J(W): No SLF4J providers were found.
SLF4J(W): Defaulting to no-operation (NOP) logger implementation
SLF4J(W): See https://www.slf4j.org/codes.html#noProviders for further details.
May 27, 2025 11:27:44 AM org.openqa.selenium.devtools.CdpVersionFinder findNearestMatch
WARNING: Unable to find an exact match for CDP version 136, returning the closest version; found: 135; Please update to a Selenium version that supports CDP version 136
]]></system-err>
  </testcase>
  <testcase name="Login Functionality - Check login is unsuccessful with invalid username (username not valid)" classname="Login Functionality" time="7.057">
    <system-out><![CDATA[
Scenario: Check login is unsuccessful with invalid username (username not valid)                                              &amp#27;[90m# login.feature:12&amp#27;[0m
  &amp#27;[32mGiven &amp#27;[0m&amp#27;[32mUser has opened the browser&amp#27;[0m                                                                                           &amp#27;[90m# com.a8.stepDefinitions.LoginStepDefinitions.user_opens_browser()&amp#27;[0m
  &amp#27;[32mAnd &amp#27;[0m&amp#27;[32mUser navigates to the login page with url &amp#27;[0m&amp#27;[32m&amp#27;[1m"http://ptbsp.ddns.net:6882"&amp#27;[0m                                                  &amp#27;[90m# com.a8.stepDefinitions.LoginStepDefinitions.user_navigates_to_login_page(java.lang.String)&amp#27;[0m
  &amp#27;[32mWhen &amp#27;[0m&amp#27;[32mUser enters username &amp#27;[0m&amp#27;[32m&amp#27;[1m"indra"&amp#27;[0m&amp#27;[32m and password &amp#27;[0m&amp#27;[32m&amp#27;[1m"admin123"&amp#27;[0m                                                                   &amp#27;[90m# com.a8.stepDefinitions.LoginStepDefinitions.user_enters_credentials(java.lang.String,java.lang.String)&amp#27;[0m
  &amp#27;[32mAnd &amp#27;[0m&amp#27;[32mUser clicks on login button&amp#27;[0m                                                                                             &amp#27;[90m# com.a8.stepDefinitions.LoginStepDefinitions.user_clicks_login_button()&amp#27;[0m
  &amp#27;[32mThen &amp#27;[0m&amp#27;[32mUser should be able to see unsuccessful login notification message : Incorrect username or password, please try again!&amp#27;[0m &amp#27;[90m# com.a8.stepDefinitions.LoginStepDefinitions.user_sees_unsuccessful_login_message()&amp#27;[0m
]]></system-out>
    <system-err><![CDATA[May 27, 2025 11:27:51 AM org.openqa.selenium.devtools.CdpVersionFinder findNearestMatch
WARNING: Unable to find an exact match for CDP version 136, returning the closest version; found: 135; Please update to a Selenium version that supports CDP version 136
]]></system-err>
  </testcase>
  <testcase name="Login Functionality - Check login is unsuccessful with invalid credentials (password not valid)" classname="Login Functionality" time="7.028">
    <system-out><![CDATA[
Scenario: Check login is unsuccessful with invalid credentials (password not valid)                                           &amp#27;[90m# login.feature:20&amp#27;[0m
  &amp#27;[32mGiven &amp#27;[0m&amp#27;[32mUser has opened the browser&amp#27;[0m                                                                                           &amp#27;[90m# com.a8.stepDefinitions.LoginStepDefinitions.user_opens_browser()&amp#27;[0m
  &amp#27;[32mAnd &amp#27;[0m&amp#27;[32mUser navigates to the login page with url &amp#27;[0m&amp#27;[32m&amp#27;[1m"http://ptbsp.ddns.net:6882"&amp#27;[0m                                                  &amp#27;[90m# com.a8.stepDefinitions.LoginStepDefinitions.user_navigates_to_login_page(java.lang.String)&amp#27;[0m
  &amp#27;[32mWhen &amp#27;[0m&amp#27;[32mUser enters username &amp#27;[0m&amp#27;[32m&amp#27;[1m"bendahara"&amp#27;[0m&amp#27;[32m and password &amp#27;[0m&amp#27;[32m&amp#27;[1m"12w3q5"&amp#27;[0m                                                                 &amp#27;[90m# com.a8.stepDefinitions.LoginStepDefinitions.user_enters_credentials(java.lang.String,java.lang.String)&amp#27;[0m
  &amp#27;[32mAnd &amp#27;[0m&amp#27;[32mUser clicks on login button&amp#27;[0m                                                                                             &amp#27;[90m# com.a8.stepDefinitions.LoginStepDefinitions.user_clicks_login_button()&amp#27;[0m
  &amp#27;[32mThen &amp#27;[0m&amp#27;[32mUser should be able to see unsuccessful login notification message : Incorrect username or password, please try again!&amp#27;[0m &amp#27;[90m# com.a8.stepDefinitions.LoginStepDefinitions.user_sees_unsuccessful_login_message()&amp#27;[0m
]]></system-out>
    <system-err><![CDATA[May 27, 2025 11:27:58 AM org.openqa.selenium.devtools.CdpVersionFinder findNearestMatch
WARNING: Unable to find an exact match for CDP version 136, returning the closest version; found: 135; Please update to a Selenium version that supports CDP version 136
]]></system-err>
  </testcase>
</testsuite>